<?xml version="1.0" encoding="UTF-8"?>
<testng-results ignored="0" total="2" passed="1" failed="1" skipped="0">
  <reporter-output>
    <line>
      <![CDATA[[[ChromeDriver: chrome on windows (882598c44b0a38f73a79d057eef29db6)] -> xpath: //a[text()='Login']]<---------> is Displayed, true<br>]]>
    </line>
    <line>
      <![CDATA[Actual Title is : Enthrall IT ---> And Expected Title is :Enthrall IT<br>]]>
    </line>
    <line>
      <![CDATA[Sleeping ... zZz 4000<br>]]>
    </line>
    <line>
      <![CDATA[[[ChromeDriver: chrome on windows (882598c44b0a38f73a79d057eef29db6)] -> xpath: //a[text()='Login']]<---------> is Displayed, true<br>]]>
    </line>
    <line>
      <![CDATA[[[ChromeDriver: chrome on windows (882598c44b0a38f73a79d057eef29db6)] -> xpath: //a[text()='Login']]<-------> has been clicked<br>]]>
    </line>
    <line>
      <![CDATA[Sleeping ... zZz 4000<br>]]>
    </line>
    <line>
      <![CDATA[[[ChromeDriver: chrome on windows (882598c44b0a38f73a79d057eef29db6)] -> xpath: //input[@name='username']]<---------> is Displayed, true<br>]]>
    </line>
    <line>
      <![CDATA[tasnimchowdhury.qa@gmail.com <-----> has been put into <-----> [[ChromeDriver: chrome on windows (882598c44b0a38f73a79d057eef29db6)] -> xpath: //input[@name='username']]<br>]]>
    </line>
    <line>
      <![CDATA[Sleeping ... zZz 4000<br>]]>
    </line>
    <line>
      <![CDATA[[[ChromeDriver: chrome on windows (882598c44b0a38f73a79d057eef29db6)] -> xpath: //input[@id = 'password']]<---------> is Displayed, true<br>]]>
    </line>
    <line>
      <![CDATA[Darimee2010 <-----> has been put into <-----> [[ChromeDriver: chrome on windows (882598c44b0a38f73a79d057eef29db6)] -> xpath: //input[@id = 'password']]<br>]]>
    </line>
    <line>
      <![CDATA[Sleeping ... zZz 4000<br>]]>
    </line>
    <line>
      <![CDATA[[[ChromeDriver: chrome on windows (882598c44b0a38f73a79d057eef29db6)] -> css selector: input.btn.btn-lg.px-5]<---------> is Enabled, true<br>]]>
    </line>
    <line>
      <![CDATA[Proxy element for: DefaultElementLocator 'By.cssSelector: input.btn.btn-lg.px-5'<-------> has been clicked<br>]]>
    </line>
    <line>
      <![CDATA[Sleeping ... zZz 4000<br>]]>
    </line>
    <line>
      <![CDATA[Sleeping ... zZz 4000<br>]]>
    </line>
    <line>
      <![CDATA[Actual Title is : Enthrall IT - Dashboard ---> And Expected Title is :Enthrall IT - Dashboard<br>]]>
    </line>
    <line>
      <![CDATA[Current URL : https://enthrallit.com/dashboard/, Expected URL : https://enthrallit.com/dashboard/<br>]]>
    </line>
    <line>
      <![CDATA[[[ChromeDriver: chrome on windows (882598c44b0a38f73a79d057eef29db6)] -> xpath: //h1[text()='Dashboard']] ---> Actual Header : Dashboard. Expected Header : Dashboard<br>]]>
    </line>
    <line>
      <![CDATA[Sleeping ... zZz 4000<br>]]>
    </line>
    <line>
      <![CDATA[[[ChromeDriver: chrome on windows (a762526d084e7f9ccbbb526b61155d77)] -> xpath: //a[text()='Login']]<---------> is Displayed, true<br>]]>
    </line>
    <line>
      <![CDATA[Actual Title is : Enthrall IT ---> And Expected Title is :Enthrall IT<br>]]>
    </line>
    <line>
      <![CDATA[Sleeping ... zZz 4000<br>]]>
    </line>
    <line>
      <![CDATA[[[ChromeDriver: chrome on windows (a762526d084e7f9ccbbb526b61155d77)] -> xpath: //a[text()='Login']]<---------> is Displayed, true<br>]]>
    </line>
    <line>
      <![CDATA[[[ChromeDriver: chrome on windows (a762526d084e7f9ccbbb526b61155d77)] -> xpath: //a[text()='Login']]<-------> has been clicked<br>]]>
    </line>
    <line>
      <![CDATA[Sleeping ... zZz 4000<br>]]>
    </line>
    <line>
      <![CDATA[[[ChromeDriver: chrome on windows (a762526d084e7f9ccbbb526b61155d77)] -> xpath: //input[@name='username']]<---------> is Displayed, true<br>]]>
    </line>
    <line>
      <![CDATA[Kaylith1@gmail.com <-----> has been put into <-----> [[ChromeDriver: chrome on windows (a762526d084e7f9ccbbb526b61155d77)] -> xpath: //input[@name='username']]<br>]]>
    </line>
    <line>
      <![CDATA[Sleeping ... zZz 4000<br>]]>
    </line>
    <line>
      <![CDATA[[[ChromeDriver: chrome on windows (a762526d084e7f9ccbbb526b61155d77)] -> xpath: //input[@id = 'password']]<---------> is Displayed, true<br>]]>
    </line>
    <line>
      <![CDATA[Abc12345% <-----> has been put into <-----> [[ChromeDriver: chrome on windows (a762526d084e7f9ccbbb526b61155d77)] -> xpath: //input[@id = 'password']]<br>]]>
    </line>
    <line>
      <![CDATA[Sleeping ... zZz 4000<br>]]>
    </line>
    <line>
      <![CDATA[[[ChromeDriver: chrome on windows (a762526d084e7f9ccbbb526b61155d77)] -> css selector: input.btn.btn-lg.px-5]<---------> is Enabled, true<br>]]>
    </line>
    <line>
      <![CDATA[Proxy element for: DefaultElementLocator 'By.cssSelector: input.btn.btn-lg.px-5'<-------> has been clicked<br>]]>
    </line>
    <line>
      <![CDATA[Sleeping ... zZz 4000<br>]]>
    </line>
    <line>
      <![CDATA[Sleeping ... zZz 4000<br>]]>
    </line>
    <line>
      <![CDATA[Actual Title is : enthrallit.com ---> And Expected Title is :Enthrall IT - Dashboard<br>]]>
    </line>
    <line>
      <![CDATA[Screenshot has been successfully capture at: 
C:\Users\mashr\eclipse-workspace\com.enthrallit_2024\test-output\screenShots\error_loginTest_10282024_09.13.48.png<br>]]>
    </line>
  </reporter-output>
  <suite started-at="2024-10-28T21:11:50 EDT" name="Default suite" finished-at="2024-10-28T21:13:49 EDT" duration-ms="118855">
    <groups>
    </groups>
    <test started-at="2024-10-28T21:11:50 EDT" name="Default test" finished-at="2024-10-28T21:13:49 EDT" duration-ms="118855">
      <class name="pagesTest.LoginByDataFromDatabaseTest">
        <test-method is-config="true" signature="initialReporting()[pri:0, instance:pagesTest.LoginByDataFromDatabaseTest@73eb439a]" started-at="2024-10-28T21:11:50 EDT" name="initialReporting" finished-at="2024-10-28T21:11:50 EDT" duration-ms="182" status="PASS">
          <reporter-output>
          </reporter-output>
        </test-method> <!-- initialReporting -->
        <test-method is-config="true" signature="initialTest(java.lang.reflect.Method)[pri:0, instance:pagesTest.LoginByDataFromDatabaseTest@73eb439a]" started-at="2024-10-28T21:11:50 EDT" name="initialTest" finished-at="2024-10-28T21:11:50 EDT" duration-ms="7" status="PASS">
          <params>
            <param index="0">
              <value>
                <![CDATA[public void pagesTest.LoginByDataFromDatabaseTest.loginTest(dataTestObject.User)]]>
              </value>
            </param>
          </params>
          <reporter-output>
          </reporter-output>
        </test-method> <!-- initialTest -->
        <test-method is-config="true" signature="setup()[pri:0, instance:pagesTest.LoginByDataFromDatabaseTest@73eb439a]" started-at="2024-10-28T21:11:50 EDT" name="setup" finished-at="2024-10-28T21:11:53 EDT" duration-ms="3105" status="PASS">
          <reporter-output>
          </reporter-output>
        </test-method> <!-- setup -->
        <test-method signature="loginTest(dataTestObject.User)[pri:0, instance:pagesTest.LoginByDataFromDatabaseTest@73eb439a]" started-at="2024-10-28T21:11:53 EDT" name="loginTest" data-provider="users_iterator" finished-at="2024-10-28T21:12:52 EDT" duration-ms="58453" status="PASS">
          <params>
            <param index="0">
              <value>
                <![CDATA[dataTestObject.User@35088e87]]>
              </value>
            </param>
          </params>
          <reporter-output>
            <line>
              <![CDATA[[[ChromeDriver: chrome on windows (882598c44b0a38f73a79d057eef29db6)] -> xpath: //a[text()='Login']]<---------> is Displayed, true<br>]]>
            </line>
            <line>
              <![CDATA[Actual Title is : Enthrall IT ---> And Expected Title is :Enthrall IT<br>]]>
            </line>
            <line>
              <![CDATA[Sleeping ... zZz 4000<br>]]>
            </line>
            <line>
              <![CDATA[[[ChromeDriver: chrome on windows (882598c44b0a38f73a79d057eef29db6)] -> xpath: //a[text()='Login']]<---------> is Displayed, true<br>]]>
            </line>
            <line>
              <![CDATA[[[ChromeDriver: chrome on windows (882598c44b0a38f73a79d057eef29db6)] -> xpath: //a[text()='Login']]<-------> has been clicked<br>]]>
            </line>
            <line>
              <![CDATA[Sleeping ... zZz 4000<br>]]>
            </line>
            <line>
              <![CDATA[[[ChromeDriver: chrome on windows (882598c44b0a38f73a79d057eef29db6)] -> xpath: //input[@name='username']]<---------> is Displayed, true<br>]]>
            </line>
            <line>
              <![CDATA[tasnimchowdhury.qa@gmail.com <-----> has been put into <-----> [[ChromeDriver: chrome on windows (882598c44b0a38f73a79d057eef29db6)] -> xpath: //input[@name='username']]<br>]]>
            </line>
            <line>
              <![CDATA[Sleeping ... zZz 4000<br>]]>
            </line>
            <line>
              <![CDATA[[[ChromeDriver: chrome on windows (882598c44b0a38f73a79d057eef29db6)] -> xpath: //input[@id = 'password']]<---------> is Displayed, true<br>]]>
            </line>
            <line>
              <![CDATA[Darimee2010 <-----> has been put into <-----> [[ChromeDriver: chrome on windows (882598c44b0a38f73a79d057eef29db6)] -> xpath: //input[@id = 'password']]<br>]]>
            </line>
            <line>
              <![CDATA[Sleeping ... zZz 4000<br>]]>
            </line>
            <line>
              <![CDATA[[[ChromeDriver: chrome on windows (882598c44b0a38f73a79d057eef29db6)] -> css selector: input.btn.btn-lg.px-5]<---------> is Enabled, true<br>]]>
            </line>
            <line>
              <![CDATA[Proxy element for: DefaultElementLocator 'By.cssSelector: input.btn.btn-lg.px-5'<-------> has been clicked<br>]]>
            </line>
            <line>
              <![CDATA[Sleeping ... zZz 4000<br>]]>
            </line>
            <line>
              <![CDATA[Sleeping ... zZz 4000<br>]]>
            </line>
            <line>
              <![CDATA[Actual Title is : Enthrall IT - Dashboard ---> And Expected Title is :Enthrall IT - Dashboard<br>]]>
            </line>
            <line>
              <![CDATA[Current URL : https://enthrallit.com/dashboard/, Expected URL : https://enthrallit.com/dashboard/<br>]]>
            </line>
            <line>
              <![CDATA[[[ChromeDriver: chrome on windows (882598c44b0a38f73a79d057eef29db6)] -> xpath: //h1[text()='Dashboard']] ---> Actual Header : Dashboard. Expected Header : Dashboard<br>]]>
            </line>
            <line>
              <![CDATA[Sleeping ... zZz 4000<br>]]>
            </line>
          </reporter-output>
        </test-method> <!-- loginTest -->
        <test-method is-config="true" signature="afterEachTest(java.lang.reflect.Method,org.testng.ITestResult)[pri:0, instance:pagesTest.LoginByDataFromDatabaseTest@73eb439a]" started-at="2024-10-28T21:12:52 EDT" name="afterEachTest" finished-at="2024-10-28T21:12:52 EDT" duration-ms="0" status="PASS">
          <params>
            <param index="0">
              <value>
                <![CDATA[public void pagesTest.LoginByDataFromDatabaseTest.loginTest(dataTestObject.User)]]>
              </value>
            </param>
            <param index="1">
              <value>
                <![CDATA[[TestResult name=loginTest status=SUCCESS method=LoginByDataFromDatabaseTest.loginTest(dataTestObject.User)[pri:0, instance:pagesTest.LoginByDataFromDatabaseTest@73eb439a] output=[[ChromeDriver: chrome on windows (882598c44b0a38f73a79d057eef29db6)] -> xpath: //a[text()='Login']]<---------> is Displayed, true<br>]]]>
              </value>
            </param>
          </params>
          <reporter-output>
          </reporter-output>
        </test-method> <!-- afterEachTest -->
        <test-method is-config="true" signature="tearUp()[pri:0, instance:pagesTest.LoginByDataFromDatabaseTest@73eb439a]" started-at="2024-10-28T21:12:52 EDT" name="tearUp" finished-at="2024-10-28T21:12:52 EDT" duration-ms="316" status="PASS">
          <reporter-output>
          </reporter-output>
        </test-method> <!-- tearUp -->
        <test-method is-config="true" signature="initialTest(java.lang.reflect.Method)[pri:0, instance:pagesTest.LoginByDataFromDatabaseTest@73eb439a]" started-at="2024-10-28T21:12:52 EDT" name="initialTest" finished-at="2024-10-28T21:12:52 EDT" duration-ms="11" status="PASS">
          <params>
            <param index="0">
              <value>
                <![CDATA[public void pagesTest.LoginByDataFromDatabaseTest.loginTest(dataTestObject.User)]]>
              </value>
            </param>
          </params>
          <reporter-output>
          </reporter-output>
        </test-method> <!-- initialTest -->
        <test-method is-config="true" signature="setup()[pri:0, instance:pagesTest.LoginByDataFromDatabaseTest@73eb439a]" started-at="2024-10-28T21:12:52 EDT" name="setup" finished-at="2024-10-28T21:12:54 EDT" duration-ms="2315" status="PASS">
          <reporter-output>
          </reporter-output>
        </test-method> <!-- setup -->
        <test-method signature="loginTest(dataTestObject.User)[pri:0, instance:pagesTest.LoginByDataFromDatabaseTest@73eb439a]" started-at="2024-10-28T21:12:54 EDT" name="loginTest" data-provider="users_iterator" finished-at="2024-10-28T21:13:48 EDT" duration-ms="53980" status="FAIL">
          <params>
            <param index="0">
              <value>
                <![CDATA[dataTestObject.User@51ce6f85]]>
              </value>
            </param>
          </params>
          <exception class="java.lang.AssertionError">
            <message>
              <![CDATA[Title doesn't match up expected [Enthrall IT - Dashboard] but found [enthrallit.com]]]>
            </message>
            <full-stacktrace>
              <![CDATA[java.lang.AssertionError: Title doesn't match up expected [Enthrall IT - Dashboard] but found [enthrallit.com]
at org.testng.Assert.fail(Assert.java:111)
at org.testng.Assert.failNotEquals(Assert.java:1578)
at org.testng.Assert.assertEqualsImpl(Assert.java:150)
at org.testng.Assert.assertEquals(Assert.java:132)
at org.testng.Assert.assertEquals(Assert.java:656)
at common.CommonAction.verifyTitle(CommonAction.java:88)
at pages.Login.landingOnDashboard(Login.java:73)
at pagesTest.LoginByDataFromDatabaseTest.loginTest(LoginByDataFromDatabaseTest.java:43)
at java.base/jdk.internal.reflect.NativeMethodAccessorImpl.invoke0(Native Method)
at java.base/jdk.internal.reflect.NativeMethodAccessorImpl.invoke(NativeMethodAccessorImpl.java:77)
at java.base/jdk.internal.reflect.DelegatingMethodAccessorImpl.invoke(DelegatingMethodAccessorImpl.java:43)
at java.base/java.lang.reflect.Method.invoke(Method.java:568)
at org.testng.internal.invokers.MethodInvocationHelper.invokeMethod(MethodInvocationHelper.java:141)
at org.testng.internal.invokers.TestInvoker.invokeMethod(TestInvoker.java:686)
at org.testng.internal.invokers.TestInvoker.invokeTestMethod(TestInvoker.java:230)
at org.testng.internal.invokers.MethodRunner.runInSequence(MethodRunner.java:63)
at org.testng.internal.invokers.TestInvoker$MethodInvocationAgent.invoke(TestInvoker.java:992)
at org.testng.internal.invokers.TestInvoker.invokeTestMethods(TestInvoker.java:203)
at org.testng.internal.invokers.TestMethodWorker.invokeTestMethods(TestMethodWorker.java:154)
at org.testng.internal.invokers.TestMethodWorker.run(TestMethodWorker.java:134)
at java.base/java.util.ArrayList.forEach(ArrayList.java:1511)
at org.testng.TestRunner.privateRun(TestRunner.java:739)
at org.testng.TestRunner.run(TestRunner.java:614)
at org.testng.SuiteRunner.runTest(SuiteRunner.java:421)
at org.testng.SuiteRunner.runSequentially(SuiteRunner.java:413)
at org.testng.SuiteRunner.privateRun(SuiteRunner.java:373)
at org.testng.SuiteRunner.run(SuiteRunner.java:312)
at org.testng.SuiteRunnerWorker.runSuite(SuiteRunnerWorker.java:52)
at org.testng.SuiteRunnerWorker.run(SuiteRunnerWorker.java:95)
at org.testng.TestNG.runSuitesSequentially(TestNG.java:1274)
at org.testng.TestNG.runSuitesLocally(TestNG.java:1208)
at org.testng.TestNG.runSuites(TestNG.java:1112)
at org.testng.TestNG.run(TestNG.java:1079)
at org.testng.remote.AbstractRemoteTestNG.run(AbstractRemoteTestNG.java:115)
at org.testng.remote.RemoteTestNG.initAndRun(RemoteTestNG.java:293)
at org.testng.remote.RemoteTestNG.main(RemoteTestNG.java:91)
]]>
            </full-stacktrace>
          </exception> <!-- java.lang.AssertionError -->
          <reporter-output>
            <line>
              <![CDATA[[[ChromeDriver: chrome on windows (a762526d084e7f9ccbbb526b61155d77)] -> xpath: //a[text()='Login']]<---------> is Displayed, true<br>]]>
            </line>
            <line>
              <![CDATA[Actual Title is : Enthrall IT ---> And Expected Title is :Enthrall IT<br>]]>
            </line>
            <line>
              <![CDATA[Sleeping ... zZz 4000<br>]]>
            </line>
            <line>
              <![CDATA[[[ChromeDriver: chrome on windows (a762526d084e7f9ccbbb526b61155d77)] -> xpath: //a[text()='Login']]<---------> is Displayed, true<br>]]>
            </line>
            <line>
              <![CDATA[[[ChromeDriver: chrome on windows (a762526d084e7f9ccbbb526b61155d77)] -> xpath: //a[text()='Login']]<-------> has been clicked<br>]]>
            </line>
            <line>
              <![CDATA[Sleeping ... zZz 4000<br>]]>
            </line>
            <line>
              <![CDATA[[[ChromeDriver: chrome on windows (a762526d084e7f9ccbbb526b61155d77)] -> xpath: //input[@name='username']]<---------> is Displayed, true<br>]]>
            </line>
            <line>
              <![CDATA[Kaylith1@gmail.com <-----> has been put into <-----> [[ChromeDriver: chrome on windows (a762526d084e7f9ccbbb526b61155d77)] -> xpath: //input[@name='username']]<br>]]>
            </line>
            <line>
              <![CDATA[Sleeping ... zZz 4000<br>]]>
            </line>
            <line>
              <![CDATA[[[ChromeDriver: chrome on windows (a762526d084e7f9ccbbb526b61155d77)] -> xpath: //input[@id = 'password']]<---------> is Displayed, true<br>]]>
            </line>
            <line>
              <![CDATA[Abc12345% <-----> has been put into <-----> [[ChromeDriver: chrome on windows (a762526d084e7f9ccbbb526b61155d77)] -> xpath: //input[@id = 'password']]<br>]]>
            </line>
            <line>
              <![CDATA[Sleeping ... zZz 4000<br>]]>
            </line>
            <line>
              <![CDATA[[[ChromeDriver: chrome on windows (a762526d084e7f9ccbbb526b61155d77)] -> css selector: input.btn.btn-lg.px-5]<---------> is Enabled, true<br>]]>
            </line>
            <line>
              <![CDATA[Proxy element for: DefaultElementLocator 'By.cssSelector: input.btn.btn-lg.px-5'<-------> has been clicked<br>]]>
            </line>
            <line>
              <![CDATA[Sleeping ... zZz 4000<br>]]>
            </line>
            <line>
              <![CDATA[Sleeping ... zZz 4000<br>]]>
            </line>
            <line>
              <![CDATA[Actual Title is : enthrallit.com ---> And Expected Title is :Enthrall IT - Dashboard<br>]]>
            </line>
          </reporter-output>
        </test-method> <!-- loginTest -->
        <test-method is-config="true" signature="afterEachTest(java.lang.reflect.Method,org.testng.ITestResult)[pri:0, instance:pagesTest.LoginByDataFromDatabaseTest@73eb439a]" started-at="2024-10-28T21:13:48 EDT" name="afterEachTest" finished-at="2024-10-28T21:13:49 EDT" duration-ms="134" status="PASS">
          <params>
            <param index="0">
              <value>
                <![CDATA[public void pagesTest.LoginByDataFromDatabaseTest.loginTest(dataTestObject.User)]]>
              </value>
            </param>
            <param index="1">
              <value>
                <![CDATA[[TestResult name=loginTest status=FAILURE method=LoginByDataFromDatabaseTest.loginTest(dataTestObject.User)[pri:0, instance:pagesTest.LoginByDataFromDatabaseTest@73eb439a] output=[[ChromeDriver: chrome on windows (a762526d084e7f9ccbbb526b61155d77)] -> xpath: //a[text()='Login']]<---------> is Displayed, true<br>]]]>
              </value>
            </param>
          </params>
          <reporter-output>
            <line>
              <![CDATA[Screenshot has been successfully capture at: 
C:\Users\mashr\eclipse-workspace\com.enthrallit_2024\test-output\screenShots\error_loginTest_10282024_09.13.48.png<br>]]>
            </line>
          </reporter-output>
        </test-method> <!-- afterEachTest -->
        <test-method is-config="true" signature="tearUp()[pri:0, instance:pagesTest.LoginByDataFromDatabaseTest@73eb439a]" started-at="2024-10-28T21:13:49 EDT" name="tearUp" finished-at="2024-10-28T21:13:49 EDT" duration-ms="316" status="PASS">
          <reporter-output>
          </reporter-output>
        </test-method> <!-- tearUp -->
        <test-method is-config="true" signature="publishReport()[pri:0, instance:pagesTest.LoginByDataFromDatabaseTest@73eb439a]" started-at="2024-10-28T21:13:49 EDT" name="publishReport" finished-at="2024-10-28T21:13:50 EDT" duration-ms="638" status="PASS">
          <reporter-output>
          </reporter-output>
        </test-method> <!-- publishReport -->
      </class> <!-- pagesTest.LoginByDataFromDatabaseTest -->
    </test> <!-- Default test -->
  </suite> <!-- Default suite -->
</testng-results>
